<?xml version="1.0" encoding="utf-8"?><testsuites name="pytest tests"><testsuite name="pytest" errors="0" failures="1" skipped="0" tests="23" time="7.207" timestamp="2026-09-10T15:06:13.947510+00:00" hostname="agent-env-0755ecbf-9780-45a8-be3f-e689c22fa95a"><testcase classname="tests.test_iteration2.TestAdminAuth" name="test_admin_login_success" time="0.817" /><testcase classname="tests.test_iteration2.TestAdminAuth" name="test_admin_login_wrong_password" time="0.384" /><testcase classname="tests.test_iteration2.TestPublicOrder" name="test_create_public_order_no_auth" time="2.025" /><testcase classname="tests.test_iteration2.TestAdminAuth" name="test_regular_signup_cannot_get_admin_role" time="0.682"><failure message="TypeError: 'NoneType' object is not subscriptable">backend/tests/test_iteration2.py:80: in test_regular_signup_cannot_get_admin_role
    assert u["role"] == "owner"
           ^^^^^^^^^
E   TypeError: 'NoneType' object is not subscriptable</failure></testcase><testcase classname="tests.test_iteration2.TestPublicOrder" name="test_public_order_invalid_cafe_404" time="0.341" /><testcase classname="tests.test_iteration2.TestAdminCafes" name="test_list_cafes_includes_new_owner" time="0.670" /><testcase classname="tests.test_iteration2.TestPublicOrder" name="test_public_order_invalid_table_404" time="0.175" /><testcase classname="tests.test_iteration2.TestPublicOrder" name="test_public_order_empty_items_400" time="0.171" /><testcase classname="tests.test_iteration2.TestAdminCafes" name="test_cafe_detail" time="0.211" /><testcase classname="tests.test_iteration2.TestPublicOrder" name="test_public_order_drops_invalid_products" time="0.340" /><testcase classname="tests.test_iteration2.TestAdminCafes" name="test_cafe_detail_404" time="0.131" /><testcase classname="tests.test_iteration2.TestPublicOrder" name="test_public_order_all_invalid_products_400" time="0.371" /><testcase classname="tests.test_iteration2.TestAdminRBAC" name="test_owner_forbidden_on_admin_endpoints" time="0.738" /><testcase classname="tests.test_iteration2.TestPublicMenu" name="test_public_menu_no_auth" time="0.947" /><testcase classname="tests.test_iteration2.TestPublicMenu" name="test_public_menu_invalid_cafe_404" time="0.176" /><testcase classname="tests.test_iteration2.TestPublicMenu" name="test_public_menu_without_table" time="0.226" /><testcase classname="tests.test_iteration2.TestAdminRBAC" name="test_no_token_401" time="0.485" /><testcase classname="tests.test_iteration2.TestSplitPayments" name="test_create_order_with_split" time="0.538" /><testcase classname="tests.test_iteration2.TestGoogleAuth" name="test_google_invalid_credential_401" time="0.293" /><testcase classname="tests.test_iteration2.TestSplitPayments" name="test_regular_order_without_splits_still_works" time="0.159" /><testcase classname="tests.test_iteration2.TestGoogleAuth" name="test_google_malformed_missing_credential" time="0.154" /><testcase classname="tests.test_iteration2.TestAdminStats" name="test_stats_shape_numeric" time="0.175" /><testcase classname="tests.test_iteration2.TestAdminInvoices" name="test_invoices_list" time="0.978" /></testsuite></testsuites>