<?xml version="1.0" encoding="utf-8"?><testsuites name="pytest tests"><testsuite name="pytest" errors="0" failures="0" skipped="0" tests="18" time="11.159" timestamp="2026-09-10T15:16:02.602618+00:00" hostname="agent-env-0755ecbf-9780-45a8-be3f-e689c22fa95a"><testcase classname="tests.test_iteration3.TestMultiCafe" name="test_cafes_mine_trial_defaults" time="0.994" /><testcase classname="tests.test_iteration3.TestProSubscription" name="test_pro_monthly_amount" time="1.945" /><testcase classname="tests.test_iteration3.TestMultiCafe" name="test_create_second_cafe_blocked_on_trial" time="1.678" /><testcase classname="tests.test_iteration3.TestProSubscription" name="test_pro_yearly_amount" time="0.531" /><testcase classname="tests.test_iteration3.TestProSubscription" name="test_invalid_plan" time="0.215" /><testcase classname="tests.test_iteration3.TestMultiCafe" name="test_pro_plan_allows_up_to_3_cafes" time="1.109" /><testcase classname="tests.test_iteration3.TestProSubscription" name="test_admin_cannot_create_order" time="0.895" /><testcase classname="tests.test_iteration3.TestWSAuth" name="test_ws_invalid_token_closes" time="0.223" /><testcase classname="tests.test_iteration3.TestMultiCafe" name="test_switch_cafe_and_isolation" time="0.643" /><testcase classname="tests.test_iteration3.TestWSAuth" name="test_ws_missing_token_rejected" time="0.202" /><testcase classname="tests.test_iteration3.TestWSAuth" name="test_ws_valid_token_connects" time="0.403" /><testcase classname="tests.test_iteration3.TestWSBroadcasts" name="test_broadcast_order_new_and_tenant_isolation" time="3.502" /><testcase classname="tests.test_iteration3.TestMultiCafe" name="test_switch_to_unowned_cafe_returns_404" time="1.466" /><testcase classname="tests.test_iteration3.TestMultiCafe" name="test_non_owner_cannot_create_cafe" time="0.975" /><testcase classname="tests.test_iteration3.TestAdminInvoicesExport" name="test_admin_export_returns_csv" time="0.518" /><testcase classname="tests.test_iteration3.TestAdminInvoicesExport" name="test_non_admin_forbidden" time="0.166" /><testcase classname="tests.test_iteration3.TestWSBroadcasts" name="test_broadcast_order_updated" time="0.818" /><testcase classname="tests.test_iteration3.TestWSBroadcasts" name="test_broadcast_public_qr_order" time="1.636" /></testsuite></testsuites>