<?xml version="1.0" encoding="utf-8"?><testsuites name="pytest tests"><testsuite name="pytest" errors="0" failures="1" skipped="0" tests="28" time="15.251" timestamp="2026-09-10T14:46:44.619162+00:00" hostname="agent-env-0755ecbf-9780-45a8-be3f-e689c22fa95a"><testcase classname="tests.backend_test.TestCRUD" name="test_categories" time="2.235" /><testcase classname="tests.backend_test.TestAuth" name="test_signup_and_verify_creates_user_cafe_trial" time="1.989" /><testcase classname="tests.backend_test.TestAuth" name="test_signup_duplicate_email_rejected" time="1.380" /><testcase classname="tests.backend_test.TestCRUD" name="test_products" time="0.273" /><testcase classname="tests.backend_test.TestCRUD" name="test_tables" time="1.688" /><testcase classname="tests.backend_test.TestAuth" name="test_login_success" time="0.956" /><testcase classname="tests.backend_test.TestCRUD" name="test_customers" time="0.147" /><testcase classname="tests.backend_test.TestAuth" name="test_login_wrong_password" time="0.441" /><testcase classname="tests.backend_test.TestCRUD" name="test_inventory_and_stock" time="1.365" /><testcase classname="tests.backend_test.TestAuth" name="test_me" time="0.892"><failure message="AssertionError: assert 'test_ownera_...f@example.com' == 'TEST_ownerA_...f@example.com'&#10;  &#10;  - TEST_ownerA_8f54d80f@example.com&#10;  ? ^^^^      ^&#10;  + test_ownera_8f54d80f@example.com&#10;  ? ^^^^      ^">tests/backend_test.py:86: in test_me
    assert data["user"]["email"] == owner_a["email"]
E   AssertionError: assert 'test_ownera_...f@example.com' == 'TEST_ownerA_...f@example.com'
E     
E     - TEST_ownerA_8f54d80f@example.com
E     ? ^^^^      ^
E     + test_ownera_8f54d80f@example.com
E     ? ^^^^      ^</failure></testcase><testcase classname="tests.backend_test.TestAuth" name="test_forgot_and_reset_password" time="3.201" /><testcase classname="tests.backend_test.TestStaffRBAC" name="test_create_staff_and_login" time="1.660" /><testcase classname="tests.backend_test.TestStaffRBAC" name="test_list_staff" time="0.261" /><testcase classname="tests.backend_test.TestStaffRBAC" name="test_delete_staff" time="0.326" /><testcase classname="tests.backend_test.TestStaffRBAC" name="test_kitchen_cannot_write_menu" time="1.422" /><testcase classname="tests.backend_test.TestAuth" name="test_forgot_unregistered_email_generic_response" time="0.243" /><testcase classname="tests.backend_test.TestSubscription" name="test_get_subscription" time="0.135" /><testcase classname="tests.backend_test.TestSubscription" name="test_create_order_monthly" time="1.002" /><testcase classname="tests.backend_test.TestOrders" name="test_create_order_and_totals" time="1.366" /><testcase classname="tests.backend_test.TestSubscription" name="test_create_order_yearly" time="0.522" /><testcase classname="tests.backend_test.TestOrders" name="test_order_no_sequential" time="0.260" /><testcase classname="tests.backend_test.TestSubscription" name="test_non_owner_cannot_create_order" time="1.160" /><testcase classname="tests.backend_test.TestOrders" name="test_order_status_flow_frees_table" time="0.970" /><testcase classname="tests.backend_test.TestDashboardReports" name="test_dashboard" time="0.131" /><testcase classname="tests.backend_test.TestDashboardReports" name="test_reports" time="0.295" /><testcase classname="tests.backend_test.TestTenantIsolation" name="test_owner_b_sees_no_owner_a_data" time="1.509" /><testcase classname="tests.backend_test.TestTenantIsolation" name="test_owner_b_order_no_starts_1001" time="0.435" /><testcase classname="tests.backend_test.TestCafeUpdate" name="test_patch_cafe" time="0.127" /></testsuite></testsuites>